[0.011s] Invoking command in '/home/nani/bumperbot_ws/build/bumperbot_localization': CMAKE_PREFIX_PATH=/opt/ros/humble /usr/bin/cmake --build /home/nani/bumperbot_ws/build/bumperbot_localization -- -j20 -l20
[0.034s] -- Found ament_cmake: 1.3.11 (/opt/ros/humble/share/ament_cmake/cmake)
[0.117s] -- Found rclpy: 3.3.16 (/opt/ros/humble/share/rclpy/cmake)
[0.117s] -- Found rclcpp: 16.0.12 (/opt/ros/humble/share/rclcpp/cmake)
[0.140s] -- Found rosidl_generator_c: 3.1.6 (/opt/ros/humble/share/rosidl_generator_c/cmake)
[0.142s] -- Found rosidl_adapter: 3.1.6 (/opt/ros/humble/share/rosidl_adapter/cmake)
[0.147s] -- Found rosidl_generator_cpp: 3.1.6 (/opt/ros/humble/share/rosidl_generator_cpp/cmake)
[0.154s] -- Using all available rosidl_typesupport_c: rosidl_typesupport_fastrtps_c;rosidl_typesupport_introspection_c
[0.163s] -- Using all available rosidl_typesupport_cpp: rosidl_typesupport_fastrtps_cpp;rosidl_typesupport_introspection_cpp
[0.188s] -- Found rmw_implementation_cmake: 6.1.2 (/opt/ros/humble/share/rmw_implementation_cmake/cmake)
[0.189s] -- Found rmw_fastrtps_cpp: 6.2.7 (/opt/ros/humble/share/rmw_fastrtps_cpp/cmake)
[0.265s] -- Using RMW implementation 'rmw_fastrtps_cpp' as default
[0.304s] -- Found geometry_msgs: 4.8.0 (/opt/ros/humble/share/geometry_msgs/cmake)
[0.313s] -- Found sensor_msgs: 4.8.0 (/opt/ros/humble/share/sensor_msgs/cmake)
[0.324s] -- Found nav_msgs: 4.8.0 (/opt/ros/humble/share/nav_msgs/cmake)
[0.370s] -- Found ament_lint_auto: 0.12.12 (/opt/ros/humble/share/ament_lint_auto/cmake)
[0.416s] -- Added test 'flake8' to check Python code syntax and style conventions
[0.416s] -- Added test 'lint_cmake' to check CMake code style
[0.416s] -- Added test 'pep257' to check Python code against some of the docstring style conventions in PEP 257
[0.417s] -- Added test 'xmllint' to check XML markup files
[0.418s] -- Configuring done
[0.421s] -- Generating done
[0.422s] -- Build files have been written to: /home/nani/bumperbot_ws/build/bumperbot_localization
[0.452s] Built target ament_cmake_python_copy_bumperbot_localization
[0.580s] running egg_info
[0.581s] writing bumperbot_localization.egg-info/PKG-INFO
[0.581s] writing dependency_links to bumperbot_localization.egg-info/dependency_links.txt
[0.581s] writing top-level names to bumperbot_localization.egg-info/top_level.txt
[0.582s] reading manifest file 'bumperbot_localization.egg-info/SOURCES.txt'
[0.583s] writing manifest file 'bumperbot_localization.egg-info/SOURCES.txt'
[0.599s] Built target ament_cmake_python_build_bumperbot_localization_egg
[0.606s] Invoked command in '/home/nani/bumperbot_ws/build/bumperbot_localization' returned '0': CMAKE_PREFIX_PATH=/opt/ros/humble /usr/bin/cmake --build /home/nani/bumperbot_ws/build/bumperbot_localization -- -j20 -l20
[0.608s] Invoking command in '/home/nani/bumperbot_ws/build/bumperbot_localization': CMAKE_PREFIX_PATH=/opt/ros/humble /usr/bin/cmake --install /home/nani/bumperbot_ws/build/bumperbot_localization
[0.613s] -- Install configuration: ""
[0.613s] -- Up-to-date: /home/nani/bumperbot_ws/install/bumperbot_localization/share/bumperbot_localization/environment/pythonpath.sh
[0.613s] -- Installing: /home/nani/bumperbot_ws/install/bumperbot_localization/share/bumperbot_localization/environment/pythonpath.dsv
[0.613s] -- Up-to-date: /home/nani/bumperbot_ws/install/bumperbot_localization/local/lib/python3.10/dist-packages/bumperbot_localization-0.0.0-py3.10.egg-info
[0.613s] -- Installing: /home/nani/bumperbot_ws/install/bumperbot_localization/local/lib/python3.10/dist-packages/bumperbot_localization-0.0.0-py3.10.egg-info/SOURCES.txt
[0.613s] -- Installing: /home/nani/bumperbot_ws/install/bumperbot_localization/local/lib/python3.10/dist-packages/bumperbot_localization-0.0.0-py3.10.egg-info/top_level.txt
[0.613s] -- Installing: /home/nani/bumperbot_ws/install/bumperbot_localization/local/lib/python3.10/dist-packages/bumperbot_localization-0.0.0-py3.10.egg-info/dependency_links.txt
[0.613s] -- Installing: /home/nani/bumperbot_ws/install/bumperbot_localization/local/lib/python3.10/dist-packages/bumperbot_localization-0.0.0-py3.10.egg-info/PKG-INFO
[0.613s] -- Up-to-date: /home/nani/bumperbot_ws/install/bumperbot_localization/local/lib/python3.10/dist-packages/bumperbot_localization
[0.613s] -- Installing: /home/nani/bumperbot_ws/install/bumperbot_localization/local/lib/python3.10/dist-packages/bumperbot_localization/imu_republisher.py
[0.613s] -- Up-to-date: /home/nani/bumperbot_ws/install/bumperbot_localization/local/lib/python3.10/dist-packages/bumperbot_localization/__init__.py
[0.613s] -- Installing: /home/nani/bumperbot_ws/install/bumperbot_localization/local/lib/python3.10/dist-packages/bumperbot_localization/kalman_filter.py
[0.642s] Listing '/home/nani/bumperbot_ws/install/bumperbot_localization/local/lib/python3.10/dist-packages/bumperbot_localization'...
[0.642s] Compiling '/home/nani/bumperbot_ws/install/bumperbot_localization/local/lib/python3.10/dist-packages/bumperbot_localization/imu_republisher.py'...
[0.642s] Compiling '/home/nani/bumperbot_ws/install/bumperbot_localization/local/lib/python3.10/dist-packages/bumperbot_localization/kalman_filter.py'...
[0.644s] [31mCMake Error at cmake_install.cmake:70 (file):
[0.644s]   file INSTALL cannot find
[0.644s]   "/home/nani/bumperbot_ws/src/bumperbot_localization/bumperbot_localization/iu_republisher.py":
[0.644s]   No such file or directory.
[0.645s] 
[0.645s] [0m
[0.645s] -- Installing: /home/nani/bumperbot_ws/install/bumperbot_localization/lib/bumperbot_localization/kalman_filter.py
[0.646s] Invoked command in '/home/nani/bumperbot_ws/build/bumperbot_localization' returned '1': CMAKE_PREFIX_PATH=/opt/ros/humble /usr/bin/cmake --install /home/nani/bumperbot_ws/build/bumperbot_localization
