[0.010s] Invoking command in '/home/nani/bumperbot_ws/build/bumperbot_localization': CMAKE_PREFIX_PATH=/opt/ros/humble /usr/bin/cmake --build /home/nani/bumperbot_ws/build/bumperbot_localization -- -j20 -l20
[0.033s] -- Found ament_cmake: 1.3.11 (/opt/ros/humble/share/ament_cmake/cmake)
[0.140s] -- Found rclpy: 3.3.16 (/opt/ros/humble/share/rclpy/cmake)
[0.141s] -- Found rclcpp: 16.0.12 (/opt/ros/humble/share/rclcpp/cmake)
[0.170s] -- Found rosidl_generator_c: 3.1.6 (/opt/ros/humble/share/rosidl_generator_c/cmake)
[0.173s] -- Found rosidl_adapter: 3.1.6 (/opt/ros/humble/share/rosidl_adapter/cmake)
[0.179s] -- Found rosidl_generator_cpp: 3.1.6 (/opt/ros/humble/share/rosidl_generator_cpp/cmake)
[0.190s] -- Using all available rosidl_typesupport_c: rosidl_typesupport_fastrtps_c;rosidl_typesupport_introspection_c
[0.202s] -- Using all available rosidl_typesupport_cpp: rosidl_typesupport_fastrtps_cpp;rosidl_typesupport_introspection_cpp
[0.236s] -- Found rmw_implementation_cmake: 6.1.2 (/opt/ros/humble/share/rmw_implementation_cmake/cmake)
[0.238s] -- Found rmw_fastrtps_cpp: 6.2.7 (/opt/ros/humble/share/rmw_fastrtps_cpp/cmake)
[0.330s] -- Using RMW implementation 'rmw_fastrtps_cpp' as default
[0.378s] -- Found geometry_msgs: 4.8.0 (/opt/ros/humble/share/geometry_msgs/cmake)
[0.389s] -- Found sensor_msgs: 4.8.0 (/opt/ros/humble/share/sensor_msgs/cmake)
[0.403s] -- Found nav_msgs: 4.8.0 (/opt/ros/humble/share/nav_msgs/cmake)
[0.462s] -- Found ament_lint_auto: 0.12.12 (/opt/ros/humble/share/ament_lint_auto/cmake)
[0.521s] -- Added test 'flake8' to check Python code syntax and style conventions
[0.521s] -- Added test 'lint_cmake' to check CMake code style
[0.522s] -- Added test 'pep257' to check Python code against some of the docstring style conventions in PEP 257
[0.523s] -- Added test 'xmllint' to check XML markup files
[0.524s] -- Configuring done
[0.530s] -- Generating done
[0.533s] -- Build files have been written to: /home/nani/bumperbot_ws/build/bumperbot_localization
[0.570s] Built target ament_cmake_python_copy_bumperbot_localization
[0.721s] running egg_info
[0.721s] writing bumperbot_localization.egg-info/PKG-INFO
[0.722s] writing dependency_links to bumperbot_localization.egg-info/dependency_links.txt
[0.722s] writing top-level names to bumperbot_localization.egg-info/top_level.txt
[0.723s] reading manifest file 'bumperbot_localization.egg-info/SOURCES.txt'
[0.723s] writing manifest file 'bumperbot_localization.egg-info/SOURCES.txt'
[0.742s] Built target ament_cmake_python_build_bumperbot_localization_egg
[0.751s] Invoked command in '/home/nani/bumperbot_ws/build/bumperbot_localization' returned '0': CMAKE_PREFIX_PATH=/opt/ros/humble /usr/bin/cmake --build /home/nani/bumperbot_ws/build/bumperbot_localization -- -j20 -l20
[0.753s] Invoking command in '/home/nani/bumperbot_ws/build/bumperbot_localization': CMAKE_PREFIX_PATH=/opt/ros/humble /usr/bin/cmake --install /home/nani/bumperbot_ws/build/bumperbot_localization
[0.758s] -- Install configuration: ""
[0.758s] -- Up-to-date: /home/nani/bumperbot_ws/install/bumperbot_localization/share/bumperbot_localization/environment/pythonpath.sh
[0.759s] -- Installing: /home/nani/bumperbot_ws/install/bumperbot_localization/share/bumperbot_localization/environment/pythonpath.dsv
[0.759s] -- Up-to-date: /home/nani/bumperbot_ws/install/bumperbot_localization/local/lib/python3.10/dist-packages/bumperbot_localization-0.0.0-py3.10.egg-info
[0.759s] -- Installing: /home/nani/bumperbot_ws/install/bumperbot_localization/local/lib/python3.10/dist-packages/bumperbot_localization-0.0.0-py3.10.egg-info/SOURCES.txt
[0.759s] -- Installing: /home/nani/bumperbot_ws/install/bumperbot_localization/local/lib/python3.10/dist-packages/bumperbot_localization-0.0.0-py3.10.egg-info/top_level.txt
[0.759s] -- Installing: /home/nani/bumperbot_ws/install/bumperbot_localization/local/lib/python3.10/dist-packages/bumperbot_localization-0.0.0-py3.10.egg-info/dependency_links.txt
[0.759s] -- Installing: /home/nani/bumperbot_ws/install/bumperbot_localization/local/lib/python3.10/dist-packages/bumperbot_localization-0.0.0-py3.10.egg-info/PKG-INFO
[0.759s] -- Up-to-date: /home/nani/bumperbot_ws/install/bumperbot_localization/local/lib/python3.10/dist-packages/bumperbot_localization
[0.759s] -- Up-to-date: /home/nani/bumperbot_ws/install/bumperbot_localization/local/lib/python3.10/dist-packages/bumperbot_localization/imu_republisher.py
[0.759s] -- Up-to-date: /home/nani/bumperbot_ws/install/bumperbot_localization/local/lib/python3.10/dist-packages/bumperbot_localization/__init__.py
[0.759s] -- Up-to-date: /home/nani/bumperbot_ws/install/bumperbot_localization/local/lib/python3.10/dist-packages/bumperbot_localization/kalman_filter.py
[0.782s] Listing '/home/nani/bumperbot_ws/install/bumperbot_localization/local/lib/python3.10/dist-packages/bumperbot_localization'...
[0.785s] -- Up-to-date: /home/nani/bumperbot_ws/install/bumperbot_localization/lib/bumperbot_localization/kalman_filter.py
[0.785s] -- Up-to-date: /home/nani/bumperbot_ws/install/bumperbot_localization/lib/bumperbot_localization/imu_republisher.py
[0.786s] -- Installing: /home/nani/bumperbot_ws/install/bumperbot_localization/share/bumperbot_localization/launch
[0.786s] -- Installing: /home/nani/bumperbot_ws/install/bumperbot_localization/share/bumperbot_localization/launch/local_localization.launch.py
[0.786s] -- Installing: /home/nani/bumperbot_ws/install/bumperbot_localization/share/bumperbot_localization/config
[0.786s] -- Installing: /home/nani/bumperbot_ws/install/bumperbot_localization/share/bumperbot_localization/config/ekf.yaml
[0.786s] -- Installing: /home/nani/bumperbot_ws/install/bumperbot_localization/share/ament_index/resource_index/package_run_dependencies/bumperbot_localization
[0.786s] -- Up-to-date: /home/nani/bumperbot_ws/install/bumperbot_localization/share/ament_index/resource_index/parent_prefix_path/bumperbot_localization
[0.786s] -- Up-to-date: /home/nani/bumperbot_ws/install/bumperbot_localization/share/bumperbot_localization/environment/ament_prefix_path.sh
[0.786s] -- Installing: /home/nani/bumperbot_ws/install/bumperbot_localization/share/bumperbot_localization/environment/ament_prefix_path.dsv
[0.786s] -- Up-to-date: /home/nani/bumperbot_ws/install/bumperbot_localization/share/bumperbot_localization/environment/path.sh
[0.786s] -- Installing: /home/nani/bumperbot_ws/install/bumperbot_localization/share/bumperbot_localization/environment/path.dsv
[0.786s] -- Up-to-date: /home/nani/bumperbot_ws/install/bumperbot_localization/share/bumperbot_localization/local_setup.bash
[0.786s] -- Up-to-date: /home/nani/bumperbot_ws/install/bumperbot_localization/share/bumperbot_localization/local_setup.sh
[0.787s] -- Up-to-date: /home/nani/bumperbot_ws/install/bumperbot_localization/share/bumperbot_localization/local_setup.zsh
[0.787s] -- Installing: /home/nani/bumperbot_ws/install/bumperbot_localization/share/bumperbot_localization/local_setup.dsv
[0.787s] -- Installing: /home/nani/bumperbot_ws/install/bumperbot_localization/share/bumperbot_localization/package.dsv
[0.787s] -- Up-to-date: /home/nani/bumperbot_ws/install/bumperbot_localization/share/ament_index/resource_index/packages/bumperbot_localization
[0.787s] -- Up-to-date: /home/nani/bumperbot_ws/install/bumperbot_localization/share/bumperbot_localization/cmake/bumperbot_localizationConfig.cmake
[0.787s] -- Up-to-date: /home/nani/bumperbot_ws/install/bumperbot_localization/share/bumperbot_localization/cmake/bumperbot_localizationConfig-version.cmake
[0.787s] -- Installing: /home/nani/bumperbot_ws/install/bumperbot_localization/share/bumperbot_localization/package.xml
[0.788s] Invoked command in '/home/nani/bumperbot_ws/build/bumperbot_localization' returned '0': CMAKE_PREFIX_PATH=/opt/ros/humble /usr/bin/cmake --install /home/nani/bumperbot_ws/build/bumperbot_localization
