[0.012s] Invoking command in '/home/nani/bumperbot_ws/build/bumperbot_localization': CMAKE_PREFIX_PATH=/opt/ros/humble /usr/bin/cmake --build /home/nani/bumperbot_ws/build/bumperbot_localization -- -j20 -l20
[0.063s] Built target ament_cmake_python_copy_bumperbot_localization
[0.244s] running egg_info
[0.245s] writing bumperbot_localization.egg-info/PKG-INFO
[0.245s] writing dependency_links to bumperbot_localization.egg-info/dependency_links.txt
[0.245s] writing top-level names to bumperbot_localization.egg-info/top_level.txt
[0.247s] reading manifest file 'bumperbot_localization.egg-info/SOURCES.txt'
[0.248s] writing manifest file 'bumperbot_localization.egg-info/SOURCES.txt'
[0.272s] Built target ament_cmake_python_build_bumperbot_localization_egg
[0.286s] Invoked command in '/home/nani/bumperbot_ws/build/bumperbot_localization' returned '0': CMAKE_PREFIX_PATH=/opt/ros/humble /usr/bin/cmake --build /home/nani/bumperbot_ws/build/bumperbot_localization -- -j20 -l20
[0.287s] Invoking command in '/home/nani/bumperbot_ws/build/bumperbot_localization': CMAKE_PREFIX_PATH=/opt/ros/humble /usr/bin/cmake --install /home/nani/bumperbot_ws/build/bumperbot_localization
[0.294s] -- Install configuration: ""
[0.294s] -- Up-to-date: /home/nani/bumperbot_ws/install/bumperbot_localization/share/bumperbot_localization/environment/pythonpath.sh
[0.294s] -- Up-to-date: /home/nani/bumperbot_ws/install/bumperbot_localization/share/bumperbot_localization/environment/pythonpath.dsv
[0.294s] -- Up-to-date: /home/nani/bumperbot_ws/install/bumperbot_localization/local/lib/python3.10/dist-packages/bumperbot_localization-0.0.0-py3.10.egg-info
[0.294s] -- Installing: /home/nani/bumperbot_ws/install/bumperbot_localization/local/lib/python3.10/dist-packages/bumperbot_localization-0.0.0-py3.10.egg-info/SOURCES.txt
[0.295s] -- Installing: /home/nani/bumperbot_ws/install/bumperbot_localization/local/lib/python3.10/dist-packages/bumperbot_localization-0.0.0-py3.10.egg-info/top_level.txt
[0.295s] -- Installing: /home/nani/bumperbot_ws/install/bumperbot_localization/local/lib/python3.10/dist-packages/bumperbot_localization-0.0.0-py3.10.egg-info/dependency_links.txt
[0.295s] -- Installing: /home/nani/bumperbot_ws/install/bumperbot_localization/local/lib/python3.10/dist-packages/bumperbot_localization-0.0.0-py3.10.egg-info/PKG-INFO
[0.295s] -- Up-to-date: /home/nani/bumperbot_ws/install/bumperbot_localization/local/lib/python3.10/dist-packages/bumperbot_localization
[0.295s] -- Up-to-date: /home/nani/bumperbot_ws/install/bumperbot_localization/local/lib/python3.10/dist-packages/bumperbot_localization/imu_republisher.py
[0.295s] -- Up-to-date: /home/nani/bumperbot_ws/install/bumperbot_localization/local/lib/python3.10/dist-packages/bumperbot_localization/__init__.py
[0.295s] -- Up-to-date: /home/nani/bumperbot_ws/install/bumperbot_localization/local/lib/python3.10/dist-packages/bumperbot_localization/kalman_filter.py
[0.321s] Listing '/home/nani/bumperbot_ws/install/bumperbot_localization/local/lib/python3.10/dist-packages/bumperbot_localization'...
[0.325s] -- Up-to-date: /home/nani/bumperbot_ws/install/bumperbot_localization/lib/bumperbot_localization/kalman_filter.py
[0.325s] -- Up-to-date: /home/nani/bumperbot_ws/install/bumperbot_localization/lib/bumperbot_localization/imu_republisher.py
[0.325s] -- Up-to-date: /home/nani/bumperbot_ws/install/bumperbot_localization/share/ament_index/resource_index/package_run_dependencies/bumperbot_localization
[0.325s] -- Up-to-date: /home/nani/bumperbot_ws/install/bumperbot_localization/share/ament_index/resource_index/parent_prefix_path/bumperbot_localization
[0.325s] -- Up-to-date: /home/nani/bumperbot_ws/install/bumperbot_localization/share/bumperbot_localization/environment/ament_prefix_path.sh
[0.325s] -- Up-to-date: /home/nani/bumperbot_ws/install/bumperbot_localization/share/bumperbot_localization/environment/ament_prefix_path.dsv
[0.325s] -- Up-to-date: /home/nani/bumperbot_ws/install/bumperbot_localization/share/bumperbot_localization/environment/path.sh
[0.325s] -- Up-to-date: /home/nani/bumperbot_ws/install/bumperbot_localization/share/bumperbot_localization/environment/path.dsv
[0.326s] -- Up-to-date: /home/nani/bumperbot_ws/install/bumperbot_localization/share/bumperbot_localization/local_setup.bash
[0.326s] -- Up-to-date: /home/nani/bumperbot_ws/install/bumperbot_localization/share/bumperbot_localization/local_setup.sh
[0.326s] -- Up-to-date: /home/nani/bumperbot_ws/install/bumperbot_localization/share/bumperbot_localization/local_setup.zsh
[0.326s] -- Up-to-date: /home/nani/bumperbot_ws/install/bumperbot_localization/share/bumperbot_localization/local_setup.dsv
[0.326s] -- Up-to-date: /home/nani/bumperbot_ws/install/bumperbot_localization/share/bumperbot_localization/package.dsv
[0.326s] -- Up-to-date: /home/nani/bumperbot_ws/install/bumperbot_localization/share/ament_index/resource_index/packages/bumperbot_localization
[0.326s] -- Up-to-date: /home/nani/bumperbot_ws/install/bumperbot_localization/share/bumperbot_localization/cmake/bumperbot_localizationConfig.cmake
[0.326s] -- Up-to-date: /home/nani/bumperbot_ws/install/bumperbot_localization/share/bumperbot_localization/cmake/bumperbot_localizationConfig-version.cmake
[0.326s] -- Up-to-date: /home/nani/bumperbot_ws/install/bumperbot_localization/share/bumperbot_localization/package.xml
[0.337s] Invoked command in '/home/nani/bumperbot_ws/build/bumperbot_localization' returned '0': CMAKE_PREFIX_PATH=/opt/ros/humble /usr/bin/cmake --install /home/nani/bumperbot_ws/build/bumperbot_localization
