[0.007s] Invoking command in '/home/nani/bumperbot_ws/build/bumperbot_controller': CMAKE_PREFIX_PATH=/opt/ros/humble /usr/bin/cmake --build /home/nani/bumperbot_ws/build/bumperbot_controller -- -j20 -l20
[0.030s] -- Found ament_cmake: 1.3.11 (/opt/ros/humble/share/ament_cmake/cmake)
[0.123s] -- Found rclpy: 3.3.15 (/opt/ros/humble/share/rclpy/cmake)
[0.123s] -- Found rclcpp: 16.0.11 (/opt/ros/humble/share/rclcpp/cmake)
[0.148s] -- Found rosidl_generator_c: 3.1.6 (/opt/ros/humble/share/rosidl_generator_c/cmake)
[0.150s] -- Found rosidl_adapter: 3.1.6 (/opt/ros/humble/share/rosidl_adapter/cmake)
[0.155s] -- Found rosidl_generator_cpp: 3.1.6 (/opt/ros/humble/share/rosidl_generator_cpp/cmake)
[0.162s] -- Using all available rosidl_typesupport_c: rosidl_typesupport_fastrtps_c;rosidl_typesupport_introspection_c
[0.170s] -- Using all available rosidl_typesupport_cpp: rosidl_typesupport_fastrtps_cpp;rosidl_typesupport_introspection_cpp
[0.194s] -- Found rmw_implementation_cmake: 6.1.2 (/opt/ros/humble/share/rmw_implementation_cmake/cmake)
[0.195s] -- Found rmw_fastrtps_cpp: 6.2.7 (/opt/ros/humble/share/rmw_fastrtps_cpp/cmake)
[0.263s] -- Using RMW implementation 'rmw_fastrtps_cpp' as default
[0.320s] -- Found geometry_msgs: 4.2.4 (/opt/ros/humble/share/geometry_msgs/cmake)
[0.331s] -- Found sensor_msgs: 4.2.4 (/opt/ros/humble/share/sensor_msgs/cmake)
[0.348s] -- Found nav_msgs: 4.2.4 (/opt/ros/humble/share/nav_msgs/cmake)
[0.402s] -- Found ament_lint_auto: 0.12.11 (/opt/ros/humble/share/ament_lint_auto/cmake)
[0.452s] -- Added test 'flake8' to check Python code syntax and style conventions
[0.452s] -- Added test 'lint_cmake' to check CMake code style
[0.452s] -- Added test 'pep257' to check Python code against some of the docstring style conventions in PEP 257
[0.453s] -- Added test 'xmllint' to check XML markup files
[0.454s] -- Configuring done
[0.457s] -- Generating done
[0.458s] -- Build files have been written to: /home/nani/bumperbot_ws/build/bumperbot_controller
[0.506s] Built target ament_cmake_python_copy_bumperbot_controller
[0.658s] running egg_info
[0.659s] writing bumperbot_controller.egg-info/PKG-INFO
[0.659s] writing dependency_links to bumperbot_controller.egg-info/dependency_links.txt
[0.659s] writing top-level names to bumperbot_controller.egg-info/top_level.txt
[0.660s] reading manifest file 'bumperbot_controller.egg-info/SOURCES.txt'
[0.660s] writing manifest file 'bumperbot_controller.egg-info/SOURCES.txt'
[0.678s] Built target ament_cmake_python_build_bumperbot_controller_egg
[0.687s] Invoked command in '/home/nani/bumperbot_ws/build/bumperbot_controller' returned '0': CMAKE_PREFIX_PATH=/opt/ros/humble /usr/bin/cmake --build /home/nani/bumperbot_ws/build/bumperbot_controller -- -j20 -l20
[0.688s] Invoking command in '/home/nani/bumperbot_ws/build/bumperbot_controller': CMAKE_PREFIX_PATH=/opt/ros/humble /usr/bin/cmake --install /home/nani/bumperbot_ws/build/bumperbot_controller
[0.694s] -- Install configuration: ""
[0.694s] -- Up-to-date: /home/nani/bumperbot_ws/install/bumperbot_controller/share/bumperbot_controller/environment/pythonpath.sh
[0.694s] -- Installing: /home/nani/bumperbot_ws/install/bumperbot_controller/share/bumperbot_controller/environment/pythonpath.dsv
[0.694s] -- Up-to-date: /home/nani/bumperbot_ws/install/bumperbot_controller/local/lib/python3.10/dist-packages/bumperbot_controller-0.0.0-py3.10.egg-info
[0.694s] -- Installing: /home/nani/bumperbot_ws/install/bumperbot_controller/local/lib/python3.10/dist-packages/bumperbot_controller-0.0.0-py3.10.egg-info/SOURCES.txt
[0.694s] -- Installing: /home/nani/bumperbot_ws/install/bumperbot_controller/local/lib/python3.10/dist-packages/bumperbot_controller-0.0.0-py3.10.egg-info/top_level.txt
[0.694s] -- Installing: /home/nani/bumperbot_ws/install/bumperbot_controller/local/lib/python3.10/dist-packages/bumperbot_controller-0.0.0-py3.10.egg-info/dependency_links.txt
[0.695s] -- Installing: /home/nani/bumperbot_ws/install/bumperbot_controller/local/lib/python3.10/dist-packages/bumperbot_controller-0.0.0-py3.10.egg-info/PKG-INFO
[0.695s] -- Up-to-date: /home/nani/bumperbot_ws/install/bumperbot_controller/local/lib/python3.10/dist-packages/bumperbot_controller
[0.695s] -- Installing: /home/nani/bumperbot_ws/install/bumperbot_controller/local/lib/python3.10/dist-packages/bumperbot_controller/simple_controller.py
[0.695s] -- Up-to-date: /home/nani/bumperbot_ws/install/bumperbot_controller/local/lib/python3.10/dist-packages/bumperbot_controller/__init__.py
[0.715s] Listing '/home/nani/bumperbot_ws/install/bumperbot_controller/local/lib/python3.10/dist-packages/bumperbot_controller'...
[0.715s] Compiling '/home/nani/bumperbot_ws/install/bumperbot_controller/local/lib/python3.10/dist-packages/bumperbot_controller/simple_controller.py'...
[0.718s] -- Up-to-date: /home/nani/bumperbot_ws/install/bumperbot_controller/share/bumperbot_controller/config
[0.718s] -- Up-to-date: /home/nani/bumperbot_ws/install/bumperbot_controller/share/bumperbot_controller/config/bumperbot_controller.yaml
[0.718s] -- Up-to-date: /home/nani/bumperbot_ws/install/bumperbot_controller/share/bumperbot_controller/launch
[0.718s] -- Up-to-date: /home/nani/bumperbot_ws/install/bumperbot_controller/share/bumperbot_controller/launch/keyboard_teleop.launch.py
[0.718s] -- Up-to-date: /home/nani/bumperbot_ws/install/bumperbot_controller/share/bumperbot_controller/launch/controller.launch.py
[0.718s] -- Installing: /home/nani/bumperbot_ws/install/bumperbot_controller/lib/bumperbot_controller/simple_controller.py
[0.718s] -- Installing: /home/nani/bumperbot_ws/install/bumperbot_controller/share/ament_index/resource_index/package_run_dependencies/bumperbot_controller
[0.718s] -- Up-to-date: /home/nani/bumperbot_ws/install/bumperbot_controller/share/ament_index/resource_index/parent_prefix_path/bumperbot_controller
[0.718s] -- Up-to-date: /home/nani/bumperbot_ws/install/bumperbot_controller/share/bumperbot_controller/environment/ament_prefix_path.sh
[0.718s] -- Installing: /home/nani/bumperbot_ws/install/bumperbot_controller/share/bumperbot_controller/environment/ament_prefix_path.dsv
[0.718s] -- Up-to-date: /home/nani/bumperbot_ws/install/bumperbot_controller/share/bumperbot_controller/environment/path.sh
[0.718s] -- Installing: /home/nani/bumperbot_ws/install/bumperbot_controller/share/bumperbot_controller/environment/path.dsv
[0.718s] -- Up-to-date: /home/nani/bumperbot_ws/install/bumperbot_controller/share/bumperbot_controller/local_setup.bash
[0.718s] -- Up-to-date: /home/nani/bumperbot_ws/install/bumperbot_controller/share/bumperbot_controller/local_setup.sh
[0.718s] -- Up-to-date: /home/nani/bumperbot_ws/install/bumperbot_controller/share/bumperbot_controller/local_setup.zsh
[0.718s] -- Installing: /home/nani/bumperbot_ws/install/bumperbot_controller/share/bumperbot_controller/local_setup.dsv
[0.718s] -- Installing: /home/nani/bumperbot_ws/install/bumperbot_controller/share/bumperbot_controller/package.dsv
[0.718s] -- Up-to-date: /home/nani/bumperbot_ws/install/bumperbot_controller/share/ament_index/resource_index/packages/bumperbot_controller
[0.718s] -- Up-to-date: /home/nani/bumperbot_ws/install/bumperbot_controller/share/bumperbot_controller/cmake/bumperbot_controllerConfig.cmake
[0.718s] -- Up-to-date: /home/nani/bumperbot_ws/install/bumperbot_controller/share/bumperbot_controller/cmake/bumperbot_controllerConfig-version.cmake
[0.718s] -- Installing: /home/nani/bumperbot_ws/install/bumperbot_controller/share/bumperbot_controller/package.xml
[0.720s] Invoked command in '/home/nani/bumperbot_ws/build/bumperbot_controller' returned '0': CMAKE_PREFIX_PATH=/opt/ros/humble /usr/bin/cmake --install /home/nani/bumperbot_ws/build/bumperbot_controller
