[0.404s] Invoking command in '/home/nani/bumperbot_ws/bumperbot_utils': PYTHONPATH=/home/nani/bumperbot_ws/build/bumperbot_utils/prefix_override:/usr/lib/python3/dist-packages/colcon_core/task/python/colcon_distutils_commands:/home/nani/bumperbot_ws/install/bumperbot_utils/lib/python3.10/site-packages:${PYTHONPATH} /usr/bin/python3 -W ignore:setup.py install is deprecated -W ignore:easy_install command is deprecated setup.py egg_info --egg-base ../build/bumperbot_utils build --build-base /home/nani/bumperbot_ws/build/bumperbot_utils/build install --record /home/nani/bumperbot_ws/build/bumperbot_utils/install.log --single-version-externally-managed install_data
[0.524s] running egg_info
[0.524s] creating ../build/bumperbot_utils/bumperbot_utils.egg-info
[0.524s] writing ../build/bumperbot_utils/bumperbot_utils.egg-info/PKG-INFO
[0.524s] writing dependency_links to ../build/bumperbot_utils/bumperbot_utils.egg-info/dependency_links.txt
[0.525s] writing entry points to ../build/bumperbot_utils/bumperbot_utils.egg-info/entry_points.txt
[0.525s] writing requirements to ../build/bumperbot_utils/bumperbot_utils.egg-info/requires.txt
[0.525s] writing top-level names to ../build/bumperbot_utils/bumperbot_utils.egg-info/top_level.txt
[0.525s] writing manifest file '../build/bumperbot_utils/bumperbot_utils.egg-info/SOURCES.txt'
[0.525s] reading manifest file '../build/bumperbot_utils/bumperbot_utils.egg-info/SOURCES.txt'
[0.526s] writing manifest file '../build/bumperbot_utils/bumperbot_utils.egg-info/SOURCES.txt'
[0.526s] running build
[0.526s] running build_py
[0.526s] creating /home/nani/bumperbot_ws/build/bumperbot_utils/build
[0.526s] creating /home/nani/bumperbot_ws/build/bumperbot_utils/build/lib
[0.526s] creating /home/nani/bumperbot_ws/build/bumperbot_utils/build/lib/bumperbot_utils
[0.526s] copying bumperbot_utils/__init__.py -> /home/nani/bumperbot_ws/build/bumperbot_utils/build/lib/bumperbot_utils
[0.526s] running install
[0.526s] running install_lib
[0.527s] creating /home/nani/bumperbot_ws/install/bumperbot_utils/lib/python3.10/site-packages/bumperbot_utils
[0.527s] copying /home/nani/bumperbot_ws/build/bumperbot_utils/build/lib/bumperbot_utils/__init__.py -> /home/nani/bumperbot_ws/install/bumperbot_utils/lib/python3.10/site-packages/bumperbot_utils
[0.527s] byte-compiling /home/nani/bumperbot_ws/install/bumperbot_utils/lib/python3.10/site-packages/bumperbot_utils/__init__.py to __init__.cpython-310.pyc
[0.527s] running install_data
[0.527s] creating /home/nani/bumperbot_ws/install/bumperbot_utils/share/ament_index
[0.527s] creating /home/nani/bumperbot_ws/install/bumperbot_utils/share/ament_index/resource_index
[0.527s] creating /home/nani/bumperbot_ws/install/bumperbot_utils/share/ament_index/resource_index/packages
[0.527s] copying resource/bumperbot_utils -> /home/nani/bumperbot_ws/install/bumperbot_utils/share/ament_index/resource_index/packages
[0.527s] copying package.xml -> /home/nani/bumperbot_ws/install/bumperbot_utils/share/bumperbot_utils
[0.527s] running install_egg_info
[0.528s] Copying ../build/bumperbot_utils/bumperbot_utils.egg-info to /home/nani/bumperbot_ws/install/bumperbot_utils/lib/python3.10/site-packages/bumperbot_utils-0.0.0-py3.10.egg-info
[0.528s] running install_scripts
[0.540s] writing list of installed files to '/home/nani/bumperbot_ws/build/bumperbot_utils/install.log'
[0.552s] Invoked command in '/home/nani/bumperbot_ws/bumperbot_utils' returned '0': PYTHONPATH=/home/nani/bumperbot_ws/build/bumperbot_utils/prefix_override:/usr/lib/python3/dist-packages/colcon_core/task/python/colcon_distutils_commands:/home/nani/bumperbot_ws/install/bumperbot_utils/lib/python3.10/site-packages:${PYTHONPATH} /usr/bin/python3 -W ignore:setup.py install is deprecated -W ignore:easy_install command is deprecated setup.py egg_info --egg-base ../build/bumperbot_utils build --build-base /home/nani/bumperbot_ws/build/bumperbot_utils/build install --record /home/nani/bumperbot_ws/build/bumperbot_utils/install.log --single-version-externally-managed install_data
