[0.010s] Invoking command in '/home/nani/bumperbot_ws/build/bumperbot_localization': CMAKE_PREFIX_PATH=/opt/ros/humble /usr/bin/cmake --build /home/nani/bumperbot_ws/build/bumperbot_localization -- -j20 -l20
[0.027s] -- Found ament_cmake: 1.3.11 (/opt/ros/humble/share/ament_cmake/cmake)
[0.102s] -- Found rclpy: 3.3.16 (/opt/ros/humble/share/rclpy/cmake)
[0.102s] -- Found rclcpp: 16.0.12 (/opt/ros/humble/share/rclcpp/cmake)
[0.117s] -- Found rosidl_generator_c: 3.1.6 (/opt/ros/humble/share/rosidl_generator_c/cmake)
[0.119s] -- Found rosidl_adapter: 3.1.6 (/opt/ros/humble/share/rosidl_adapter/cmake)
[0.122s] -- Found rosidl_generator_cpp: 3.1.6 (/opt/ros/humble/share/rosidl_generator_cpp/cmake)
[0.127s] -- Using all available rosidl_typesupport_c: rosidl_typesupport_fastrtps_c;rosidl_typesupport_introspection_c
[0.134s] -- Using all available rosidl_typesupport_cpp: rosidl_typesupport_fastrtps_cpp;rosidl_typesupport_introspection_cpp
[0.151s] -- Found rmw_implementation_cmake: 6.1.2 (/opt/ros/humble/share/rmw_implementation_cmake/cmake)
[0.152s] -- Found rmw_fastrtps_cpp: 6.2.7 (/opt/ros/humble/share/rmw_fastrtps_cpp/cmake)
[0.213s] -- Using RMW implementation 'rmw_fastrtps_cpp' as default
[0.240s] -- Found geometry_msgs: 4.8.0 (/opt/ros/humble/share/geometry_msgs/cmake)
[0.246s] -- Found sensor_msgs: 4.8.0 (/opt/ros/humble/share/sensor_msgs/cmake)
[0.255s] -- Found nav_msgs: 4.8.0 (/opt/ros/humble/share/nav_msgs/cmake)
[0.297s] -- Found ament_lint_auto: 0.12.12 (/opt/ros/humble/share/ament_lint_auto/cmake)
[0.339s] -- Added test 'flake8' to check Python code syntax and style conventions
[0.340s] -- Added test 'lint_cmake' to check CMake code style
[0.340s] -- Added test 'pep257' to check Python code against some of the docstring style conventions in PEP 257
[0.340s] -- Added test 'xmllint' to check XML markup files
[0.342s] -- Configuring done
[0.343s] -- Generating done
[0.344s] -- Build files have been written to: /home/nani/bumperbot_ws/build/bumperbot_localization
[0.373s] Built target ament_cmake_python_copy_bumperbot_localization
[0.502s] running egg_info
[0.502s] writing bumperbot_localization.egg-info/PKG-INFO
[0.502s] writing dependency_links to bumperbot_localization.egg-info/dependency_links.txt
[0.502s] writing top-level names to bumperbot_localization.egg-info/top_level.txt
[0.503s] reading manifest file 'bumperbot_localization.egg-info/SOURCES.txt'
[0.504s] writing manifest file 'bumperbot_localization.egg-info/SOURCES.txt'
[0.520s] Built target ament_cmake_python_build_bumperbot_localization_egg
[0.528s] Invoked command in '/home/nani/bumperbot_ws/build/bumperbot_localization' returned '0': CMAKE_PREFIX_PATH=/opt/ros/humble /usr/bin/cmake --build /home/nani/bumperbot_ws/build/bumperbot_localization -- -j20 -l20
[0.529s] Invoking command in '/home/nani/bumperbot_ws/build/bumperbot_localization': CMAKE_PREFIX_PATH=/opt/ros/humble /usr/bin/cmake --install /home/nani/bumperbot_ws/build/bumperbot_localization
[0.535s] -- Install configuration: ""
[0.535s] -- Up-to-date: /home/nani/bumperbot_ws/install/bumperbot_localization/share/bumperbot_localization/environment/pythonpath.sh
[0.535s] -- Installing: /home/nani/bumperbot_ws/install/bumperbot_localization/share/bumperbot_localization/environment/pythonpath.dsv
[0.535s] -- Up-to-date: /home/nani/bumperbot_ws/install/bumperbot_localization/local/lib/python3.10/dist-packages/bumperbot_localization-0.0.0-py3.10.egg-info
[0.535s] -- Installing: /home/nani/bumperbot_ws/install/bumperbot_localization/local/lib/python3.10/dist-packages/bumperbot_localization-0.0.0-py3.10.egg-info/SOURCES.txt
[0.535s] -- Installing: /home/nani/bumperbot_ws/install/bumperbot_localization/local/lib/python3.10/dist-packages/bumperbot_localization-0.0.0-py3.10.egg-info/top_level.txt
[0.535s] -- Installing: /home/nani/bumperbot_ws/install/bumperbot_localization/local/lib/python3.10/dist-packages/bumperbot_localization-0.0.0-py3.10.egg-info/dependency_links.txt
[0.535s] -- Installing: /home/nani/bumperbot_ws/install/bumperbot_localization/local/lib/python3.10/dist-packages/bumperbot_localization-0.0.0-py3.10.egg-info/PKG-INFO
[0.535s] -- Up-to-date: /home/nani/bumperbot_ws/install/bumperbot_localization/local/lib/python3.10/dist-packages/bumperbot_localization
[0.536s] -- Up-to-date: /home/nani/bumperbot_ws/install/bumperbot_localization/local/lib/python3.10/dist-packages/bumperbot_localization/imu_republisher.py
[0.536s] -- Up-to-date: /home/nani/bumperbot_ws/install/bumperbot_localization/local/lib/python3.10/dist-packages/bumperbot_localization/__init__.py
[0.536s] -- Up-to-date: /home/nani/bumperbot_ws/install/bumperbot_localization/local/lib/python3.10/dist-packages/bumperbot_localization/kalman_filter.py
[0.554s] Listing '/home/nani/bumperbot_ws/install/bumperbot_localization/local/lib/python3.10/dist-packages/bumperbot_localization'...
[0.557s] -- Up-to-date: /home/nani/bumperbot_ws/install/bumperbot_localization/lib/bumperbot_localization/kalman_filter.py
[0.557s] -- Installing: /home/nani/bumperbot_ws/install/bumperbot_localization/lib/bumperbot_localization/imu_republisher.py
[0.557s] -- Up-to-date: /home/nani/bumperbot_ws/install/bumperbot_localization/share/ament_index/resource_index/package_run_dependencies/bumperbot_localization
[0.557s] -- Up-to-date: /home/nani/bumperbot_ws/install/bumperbot_localization/share/ament_index/resource_index/parent_prefix_path/bumperbot_localization
[0.557s] -- Up-to-date: /home/nani/bumperbot_ws/install/bumperbot_localization/share/bumperbot_localization/environment/ament_prefix_path.sh
[0.557s] -- Installing: /home/nani/bumperbot_ws/install/bumperbot_localization/share/bumperbot_localization/environment/ament_prefix_path.dsv
[0.557s] -- Up-to-date: /home/nani/bumperbot_ws/install/bumperbot_localization/share/bumperbot_localization/environment/path.sh
[0.557s] -- Installing: /home/nani/bumperbot_ws/install/bumperbot_localization/share/bumperbot_localization/environment/path.dsv
[0.558s] -- Up-to-date: /home/nani/bumperbot_ws/install/bumperbot_localization/share/bumperbot_localization/local_setup.bash
[0.558s] -- Up-to-date: /home/nani/bumperbot_ws/install/bumperbot_localization/share/bumperbot_localization/local_setup.sh
[0.558s] -- Up-to-date: /home/nani/bumperbot_ws/install/bumperbot_localization/share/bumperbot_localization/local_setup.zsh
[0.558s] -- Installing: /home/nani/bumperbot_ws/install/bumperbot_localization/share/bumperbot_localization/local_setup.dsv
[0.558s] -- Installing: /home/nani/bumperbot_ws/install/bumperbot_localization/share/bumperbot_localization/package.dsv
[0.558s] -- Up-to-date: /home/nani/bumperbot_ws/install/bumperbot_localization/share/ament_index/resource_index/packages/bumperbot_localization
[0.558s] -- Up-to-date: /home/nani/bumperbot_ws/install/bumperbot_localization/share/bumperbot_localization/cmake/bumperbot_localizationConfig.cmake
[0.558s] -- Up-to-date: /home/nani/bumperbot_ws/install/bumperbot_localization/share/bumperbot_localization/cmake/bumperbot_localizationConfig-version.cmake
[0.558s] -- Up-to-date: /home/nani/bumperbot_ws/install/bumperbot_localization/share/bumperbot_localization/package.xml
[0.559s] Invoked command in '/home/nani/bumperbot_ws/build/bumperbot_localization' returned '0': CMAKE_PREFIX_PATH=/opt/ros/humble /usr/bin/cmake --install /home/nani/bumperbot_ws/build/bumperbot_localization
