[0.416s] Invoking command in '/home/nani/bumperbot_ws/src/bumperbot_utils': PYTHONPATH=/home/nani/bumperbot_ws/build/bumperbot_utils/prefix_override:/usr/lib/python3/dist-packages/colcon_core/task/python/colcon_distutils_commands:/home/nani/bumperbot_ws/install/bumperbot_utils/lib/python3.10/site-packages:${PYTHONPATH} /usr/bin/python3 -W ignore:setup.py install is deprecated -W ignore:easy_install command is deprecated setup.py egg_info --egg-base ../../build/bumperbot_utils build --build-base /home/nani/bumperbot_ws/build/bumperbot_utils/build install --record /home/nani/bumperbot_ws/build/bumperbot_utils/install.log --single-version-externally-managed install_data
[0.551s] running egg_info
[0.551s] writing ../../build/bumperbot_utils/bumperbot_utils.egg-info/PKG-INFO
[0.551s] writing dependency_links to ../../build/bumperbot_utils/bumperbot_utils.egg-info/dependency_links.txt
[0.551s] writing entry points to ../../build/bumperbot_utils/bumperbot_utils.egg-info/entry_points.txt
[0.552s] writing requirements to ../../build/bumperbot_utils/bumperbot_utils.egg-info/requires.txt
[0.552s] writing top-level names to ../../build/bumperbot_utils/bumperbot_utils.egg-info/top_level.txt
[0.552s] reading manifest file '../../build/bumperbot_utils/bumperbot_utils.egg-info/SOURCES.txt'
[0.554s] writing manifest file '../../build/bumperbot_utils/bumperbot_utils.egg-info/SOURCES.txt'
[0.554s] running build
[0.554s] running build_py
[0.554s] copying bumperbot_utils/simple_trajectory.py -> /home/nani/bumperbot_ws/build/bumperbot_utils/build/lib/bumperbot_utils
[0.554s] running install
[0.554s] running install_lib
[0.554s] copying /home/nani/bumperbot_ws/build/bumperbot_utils/build/lib/bumperbot_utils/simple_trajectory.py -> /home/nani/bumperbot_ws/install/bumperbot_utils/lib/python3.10/site-packages/bumperbot_utils
[0.554s] byte-compiling /home/nani/bumperbot_ws/install/bumperbot_utils/lib/python3.10/site-packages/bumperbot_utils/simple_trajectory.py to simple_trajectory.cpython-310.pyc
[0.555s] running install_data
[0.555s] copying package.xml -> /home/nani/bumperbot_ws/install/bumperbot_utils/share/bumperbot_utils
[0.555s] running install_egg_info
[0.556s] removing '/home/nani/bumperbot_ws/install/bumperbot_utils/lib/python3.10/site-packages/bumperbot_utils-0.0.0-py3.10.egg-info' (and everything under it)
[0.556s] Copying ../../build/bumperbot_utils/bumperbot_utils.egg-info to /home/nani/bumperbot_ws/install/bumperbot_utils/lib/python3.10/site-packages/bumperbot_utils-0.0.0-py3.10.egg-info
[0.556s] running install_scripts
[0.568s] Installing simple_trajectory script to /home/nani/bumperbot_ws/install/bumperbot_utils/lib/bumperbot_utils
[0.569s] writing list of installed files to '/home/nani/bumperbot_ws/build/bumperbot_utils/install.log'
[0.582s] Invoked command in '/home/nani/bumperbot_ws/src/bumperbot_utils' returned '0': PYTHONPATH=/home/nani/bumperbot_ws/build/bumperbot_utils/prefix_override:/usr/lib/python3/dist-packages/colcon_core/task/python/colcon_distutils_commands:/home/nani/bumperbot_ws/install/bumperbot_utils/lib/python3.10/site-packages:${PYTHONPATH} /usr/bin/python3 -W ignore:setup.py install is deprecated -W ignore:easy_install command is deprecated setup.py egg_info --egg-base ../../build/bumperbot_utils build --build-base /home/nani/bumperbot_ws/build/bumperbot_utils/build install --record /home/nani/bumperbot_ws/build/bumperbot_utils/install.log --single-version-externally-managed install_data
